2026-06-03T12:30:25Z INF Thank you for trying Cloudflare Tunnel. Doing so, without a Cloudflare account, is a quick way to experiment and try it out. However, be aware that these account-less Tunnels have no uptime guarantee, are subject to the Cloudflare Online Services Terms of Use (https://www.cloudflare.com/website-terms/), and Cloudflare reserves the right to investigate your use of Tunnels for violations of such terms. If you intend to use Tunnels in production you should use a pre-created named tunnel by following: https://developers.cloudflare.com/cloudflare-one/connections/connect-apps
2026-06-03T12:30:25Z INF Requesting new quick Tunnel on trycloudflare.com...
2026-06-03T12:30:32Z INF +--------------------------------------------------------------------------------------------+
2026-06-03T12:30:32Z INF |  Your quick Tunnel has been created! Visit it at (it may take some time to be reachable):  |
2026-06-03T12:30:32Z INF |  https://coupled-vessel-budget-remedy.trycloudflare.com                                    |
2026-06-03T12:30:32Z INF +--------------------------------------------------------------------------------------------+
2026-06-03T12:30:32Z INF Cannot determine default configuration path. No file [config.yml config.yaml] in [~/.cloudflared ~/.cloudflare-warp ~/cloudflare-warp]
2026-06-03T12:30:32Z INF Version 2026.5.2 (Checksum 20b9638f685333d623798e733effbad2487093f15ba592f6c7752360ff3b7ab7)
2026-06-03T12:30:32Z INF GOOS: windows, GOVersion: go1.26.3, GoArch: amd64
2026-06-03T12:30:32Z INF Settings: map[ha-connections:1 no-autoupdate:true protocol:quic url:http://localhost:8000]
2026-06-03T12:30:32Z INF cloudflared will not automatically update on Windows systems.
2026-06-03T12:30:32Z INF Generated Connector ID: 3a1022f7-e5c5-4ff5-84f5-7836cdd0d6dc
2026-06-03T12:30:32Z INF Initial protocol quic
2026-06-03T12:30:32Z INF ICMP proxy will use 192.168.1.3 as source for IPv4
2026-06-03T12:30:32Z INF ICMP proxy will use fe80::a843:fb55:77f9:727c in zone WiFi as source for IPv6
2026-06-03T12:30:32Z INF cloudflared does not support loading the system root certificate pool on Windows. Please use --origin-ca-pool <PATH> to specify the path to the certificate pool
2026-06-03T12:30:32Z INF ICMP proxy will use 192.168.1.3 as source for IPv4
2026-06-03T12:30:32Z INF Tunnel connection curve preferences: [X25519MLKEM768 CurveID(65074) CurveP256] connIndex=0 event=0 ip=198.41.200.233
2026-06-03T12:30:32Z INF ICMP proxy will use fe80::a843:fb55:77f9:727c in zone WiFi as source for IPv6
2026-06-03T12:30:32Z INF Starting metrics server on 127.0.0.1:20241/metrics
2026-06-03T12:30:32Z INF +-------------------------------------------------------------------------------------+
2026-06-03T12:30:32Z INF |                               CONNECTIVITY PRE-CHECKS                               |
2026-06-03T12:30:32Z INF +-------------------------------------------------------------------------------------+
2026-06-03T12:30:32Z INF |  COMPONENT         TARGET                     STATUS  DETAILS                       |
2026-06-03T12:30:32Z INF |  DNS Resolution    region1.v2.argotunnel.com  PASS    DNS Resolved successfully     |
2026-06-03T12:30:32Z INF |  DNS Resolution    region2.v2.argotunnel.com  PASS    DNS Resolved successfully     |
2026-06-03T12:30:32Z INF |  UDP Connectivity  region1.v2.argotunnel.com  PASS    QUIC connection successful    |
2026-06-03T12:30:32Z INF |  UDP Connectivity  region2.v2.argotunnel.com  PASS    QUIC connection successful    |
2026-06-03T12:30:32Z INF |  TCP Connectivity  region1.v2.argotunnel.com  PASS    HTTP/2 connection successful  |
2026-06-03T12:30:32Z INF |  TCP Connectivity  region2.v2.argotunnel.com  PASS    HTTP/2 connection successful  |
2026-06-03T12:30:32Z INF |  Cloudflare API    api.cloudflare.com:443     PASS    API is reachable              |
2026-06-03T12:30:32Z INF |                                                                                     |
2026-06-03T12:30:32Z INF |  SUMMARY: Environment is healthy. cloudflared will use 'quic' as primary protocol.  |
2026-06-03T12:30:32Z INF +-------------------------------------------------------------------------------------+
2026-06-03T12:30:32Z INF precheck component="DNS Resolution" details="DNS Resolved successfully" run_id=c3f18b42-b3e5-48ad-949d-78bf98faf6e5 status=pass target=region1.v2.argotunnel.com
2026-06-03T12:30:32Z INF precheck component="DNS Resolution" details="DNS Resolved successfully" run_id=c3f18b42-b3e5-48ad-949d-78bf98faf6e5 status=pass target=region2.v2.argotunnel.com
2026-06-03T12:30:32Z INF precheck component="UDP Connectivity" details="QUIC connection successful" run_id=c3f18b42-b3e5-48ad-949d-78bf98faf6e5 status=pass target=region1.v2.argotunnel.com
2026-06-03T12:30:32Z INF precheck component="UDP Connectivity" details="QUIC connection successful" run_id=c3f18b42-b3e5-48ad-949d-78bf98faf6e5 status=pass target=region2.v2.argotunnel.com
2026-06-03T12:30:32Z INF precheck component="TCP Connectivity" details="HTTP/2 connection successful" run_id=c3f18b42-b3e5-48ad-949d-78bf98faf6e5 status=pass target=region1.v2.argotunnel.com
2026-06-03T12:30:32Z INF precheck component="TCP Connectivity" details="HTTP/2 connection successful" run_id=c3f18b42-b3e5-48ad-949d-78bf98faf6e5 status=pass target=region2.v2.argotunnel.com
2026-06-03T12:30:32Z INF precheck component="Cloudflare API" details="API is reachable" run_id=c3f18b42-b3e5-48ad-949d-78bf98faf6e5 status=pass target=api.cloudflare.com:443
2026-06-03T12:30:32Z INF precheck complete hard_fail=false run_id=c3f18b42-b3e5-48ad-949d-78bf98faf6e5 suggested_protocol=quic
2026-06-03T12:30:32Z INF Registered tunnel connection connIndex=0 connection=0f7687fb-fc20-4e15-afd4-2336b89e9646 event=0 ip=198.41.200.233 location=bom10 protocol=quic
